ARM GAS  /tmp/ccrL0WkH.s 			page 1


   1              		.cpu cortex-m3
   2              		.eabi_attribute 20, 1
   3              		.eabi_attribute 21, 1
   4              		.eabi_attribute 23, 3
   5              		.eabi_attribute 24, 1
   6              		.eabi_attribute 25, 1
   7              		.eabi_attribute 26, 1
   8              		.eabi_attribute 30, 1
   9              		.eabi_attribute 34, 1
  10              		.eabi_attribute 18, 4
  11              		.file	"ff_gen_drv.c"
  12              		.text
  13              	.Ltext0:
  14              		.cfi_sections	.debug_frame
  15              		.section	.text.FATFS_LinkDriverEx,"ax",%progbits
  16              		.align	1
  17              		.global	FATFS_LinkDriverEx
  18              		.arch armv7-m
  19              		.syntax unified
  20              		.thumb
  21              		.thumb_func
  22              		.fpu softvfp
  24              	FATFS_LinkDriverEx:
  25              	.LVL0:
  26              	.LFB72:
  27              		.file 1 "Middlewares/Third_Party/FatFs/src/ff_gen_drv.c"
   1:Middlewares/Third_Party/FatFs/src/ff_gen_drv.c **** /**
   2:Middlewares/Third_Party/FatFs/src/ff_gen_drv.c ****   ******************************************************************************
   3:Middlewares/Third_Party/FatFs/src/ff_gen_drv.c ****   * @file    ff_gen_drv.c 
   4:Middlewares/Third_Party/FatFs/src/ff_gen_drv.c ****   * @author  MCD Application Team
   5:Middlewares/Third_Party/FatFs/src/ff_gen_drv.c ****   * @version V1.4.1
   6:Middlewares/Third_Party/FatFs/src/ff_gen_drv.c ****   * @date    14-February-2017
   7:Middlewares/Third_Party/FatFs/src/ff_gen_drv.c ****   * @brief   FatFs generic low level driver.
   8:Middlewares/Third_Party/FatFs/src/ff_gen_drv.c ****   ******************************************************************************
   9:Middlewares/Third_Party/FatFs/src/ff_gen_drv.c ****   * @attention
  10:Middlewares/Third_Party/FatFs/src/ff_gen_drv.c ****   *
  11:Middlewares/Third_Party/FatFs/src/ff_gen_drv.c ****   * <h2><center>&copy; COPYRIGHT 2017 STMicroelectronics</center></h2>
  12:Middlewares/Third_Party/FatFs/src/ff_gen_drv.c ****   *
  13:Middlewares/Third_Party/FatFs/src/ff_gen_drv.c ****   * Redistribution and use in source and binary forms, with or without 
  14:Middlewares/Third_Party/FatFs/src/ff_gen_drv.c ****   * modification, are permitted, provided that the following conditions are met:
  15:Middlewares/Third_Party/FatFs/src/ff_gen_drv.c ****   *
  16:Middlewares/Third_Party/FatFs/src/ff_gen_drv.c ****   * 1. Redistribution of source code must retain the above copyright notice, 
  17:Middlewares/Third_Party/FatFs/src/ff_gen_drv.c ****   *    this list of conditions and the following disclaimer.
  18:Middlewares/Third_Party/FatFs/src/ff_gen_drv.c ****   * 2. Redistributions in binary form must reproduce the above copyright notice,
  19:Middlewares/Third_Party/FatFs/src/ff_gen_drv.c ****   *    this list of conditions and the following disclaimer in the documentation
  20:Middlewares/Third_Party/FatFs/src/ff_gen_drv.c ****   *    and/or other materials provided with the distribution.
  21:Middlewares/Third_Party/FatFs/src/ff_gen_drv.c ****   * 3. Neither the name of STMicroelectronics nor the names of other 
  22:Middlewares/Third_Party/FatFs/src/ff_gen_drv.c ****   *    contributors to this software may be used to endorse or promote products 
  23:Middlewares/Third_Party/FatFs/src/ff_gen_drv.c ****   *    derived from this software without specific written permission.
  24:Middlewares/Third_Party/FatFs/src/ff_gen_drv.c ****   * 4. This software, including modifications and/or derivative works of this 
  25:Middlewares/Third_Party/FatFs/src/ff_gen_drv.c ****   *    software, must execute solely and exclusively on microcontroller or
  26:Middlewares/Third_Party/FatFs/src/ff_gen_drv.c ****   *    microprocessor devices manufactured by or for STMicroelectronics.
  27:Middlewares/Third_Party/FatFs/src/ff_gen_drv.c ****   * 5. Redistribution and use of this software other than as permitted under 
  28:Middlewares/Third_Party/FatFs/src/ff_gen_drv.c ****   *    this license is void and will automatically terminate your rights under 
  29:Middlewares/Third_Party/FatFs/src/ff_gen_drv.c ****   *    this license. 
  30:Middlewares/Third_Party/FatFs/src/ff_gen_drv.c ****   *
  31:Middlewares/Third_Party/FatFs/src/ff_gen_drv.c ****   * THIS SOFTWARE IS PROVIDED BY STMICROELECTRONICS AND CONTRIBUTORS "AS IS" 
ARM GAS  /tmp/ccrL0WkH.s 			page 2


  32:Middlewares/Third_Party/FatFs/src/ff_gen_drv.c ****   * AND ANY EXPRESS, IMPLIED OR STATUTORY WARRANTIES, INCLUDING, BUT NOT 
  33:Middlewares/Third_Party/FatFs/src/ff_gen_drv.c ****   * LIMITED TO, THE IMPLIED WARRANTIES OF MERCHANTABILITY, FITNESS FOR A 
  34:Middlewares/Third_Party/FatFs/src/ff_gen_drv.c ****   * PARTICULAR PURPOSE AND NON-INFRINGEMENT OF THIRD PARTY INTELLECTUAL PROPERTY
  35:Middlewares/Third_Party/FatFs/src/ff_gen_drv.c ****   * RIGHTS ARE DISCLAIMED TO THE FULLEST EXTENT PERMITTED BY LAW. IN NO EVENT 
  36:Middlewares/Third_Party/FatFs/src/ff_gen_drv.c ****   * SHALL STMICROELECTRONICS OR CONTRIBUTORS BE LIABLE FOR ANY DIRECT, INDIRECT,
  37:Middlewares/Third_Party/FatFs/src/ff_gen_drv.c ****   * INCIDENTAL, SPECIAL, EXEMPLARY, OR CONSEQUENTIAL DAMAGES (INCLUDING, BUT NOT
  38:Middlewares/Third_Party/FatFs/src/ff_gen_drv.c ****   * LIMITED TO, PROCUREMENT OF SUBSTITUTE GOODS OR SERVICES; LOSS OF USE, DATA, 
  39:Middlewares/Third_Party/FatFs/src/ff_gen_drv.c ****   * OR PROFITS; OR BUSINESS INTERRUPTION) HOWEVER CAUSED AND ON ANY THEORY OF 
  40:Middlewares/Third_Party/FatFs/src/ff_gen_drv.c ****   * LIABILITY, WHETHER IN CONTRACT, STRICT LIABILITY, OR TORT (INCLUDING 
  41:Middlewares/Third_Party/FatFs/src/ff_gen_drv.c ****   * NEGLIGENCE OR OTHERWISE) ARISING IN ANY WAY OUT OF THE USE OF THIS SOFTWARE,
  42:Middlewares/Third_Party/FatFs/src/ff_gen_drv.c ****   * EVEN IF ADVISED OF THE POSSIBILITY OF SUCH DAMAGE.
  43:Middlewares/Third_Party/FatFs/src/ff_gen_drv.c ****   *
  44:Middlewares/Third_Party/FatFs/src/ff_gen_drv.c ****   ******************************************************************************
  45:Middlewares/Third_Party/FatFs/src/ff_gen_drv.c ****   */ 
  46:Middlewares/Third_Party/FatFs/src/ff_gen_drv.c **** 
  47:Middlewares/Third_Party/FatFs/src/ff_gen_drv.c **** /* Includes ------------------------------------------------------------------*/
  48:Middlewares/Third_Party/FatFs/src/ff_gen_drv.c **** #include "ff_gen_drv.h"
  49:Middlewares/Third_Party/FatFs/src/ff_gen_drv.c **** 
  50:Middlewares/Third_Party/FatFs/src/ff_gen_drv.c **** /* Private typedef -----------------------------------------------------------*/
  51:Middlewares/Third_Party/FatFs/src/ff_gen_drv.c **** /* Private define ------------------------------------------------------------*/
  52:Middlewares/Third_Party/FatFs/src/ff_gen_drv.c **** /* Private variables ---------------------------------------------------------*/
  53:Middlewares/Third_Party/FatFs/src/ff_gen_drv.c **** Disk_drvTypeDef disk = {{0},{0},{0},0};
  54:Middlewares/Third_Party/FatFs/src/ff_gen_drv.c **** 
  55:Middlewares/Third_Party/FatFs/src/ff_gen_drv.c **** /* Private function prototypes -----------------------------------------------*/
  56:Middlewares/Third_Party/FatFs/src/ff_gen_drv.c **** /* Private functions ---------------------------------------------------------*/
  57:Middlewares/Third_Party/FatFs/src/ff_gen_drv.c **** 
  58:Middlewares/Third_Party/FatFs/src/ff_gen_drv.c **** /**
  59:Middlewares/Third_Party/FatFs/src/ff_gen_drv.c ****   * @brief  Links a compatible diskio driver/lun id and increments the number of active
  60:Middlewares/Third_Party/FatFs/src/ff_gen_drv.c ****   *         linked drivers.
  61:Middlewares/Third_Party/FatFs/src/ff_gen_drv.c ****   * @note   The number of linked drivers (volumes) is up to 10 due to FatFs limits.
  62:Middlewares/Third_Party/FatFs/src/ff_gen_drv.c ****   * @param  drv: pointer to the disk IO Driver structure
  63:Middlewares/Third_Party/FatFs/src/ff_gen_drv.c ****   * @param  path: pointer to the logical drive path 
  64:Middlewares/Third_Party/FatFs/src/ff_gen_drv.c ****   * @param  lun : only used for USB Key Disk to add multi-lun management
  65:Middlewares/Third_Party/FatFs/src/ff_gen_drv.c ****             else the paramter must be equal to 0
  66:Middlewares/Third_Party/FatFs/src/ff_gen_drv.c ****   * @retval Returns 0 in case of success, otherwise 1.
  67:Middlewares/Third_Party/FatFs/src/ff_gen_drv.c ****   */
  68:Middlewares/Third_Party/FatFs/src/ff_gen_drv.c **** uint8_t FATFS_LinkDriverEx(Diskio_drvTypeDef *drv, char *path, uint8_t lun)
  69:Middlewares/Third_Party/FatFs/src/ff_gen_drv.c **** {
  28              		.loc 1 69 1 view -0
  29              		.cfi_startproc
  30              		@ args = 0, pretend = 0, frame = 0
  31              		@ frame_needed = 0, uses_anonymous_args = 0
  32              		@ link register save eliminated.
  70:Middlewares/Third_Party/FatFs/src/ff_gen_drv.c ****   uint8_t ret = 1;
  33              		.loc 1 70 3 view .LVU1
  71:Middlewares/Third_Party/FatFs/src/ff_gen_drv.c ****   uint8_t DiskNum = 0;
  34              		.loc 1 71 3 view .LVU2
  72:Middlewares/Third_Party/FatFs/src/ff_gen_drv.c ****   
  73:Middlewares/Third_Party/FatFs/src/ff_gen_drv.c ****   if(disk.nbr <= _VOLUMES)
  35              		.loc 1 73 3 view .LVU3
  36              		.loc 1 73 10 is_stmt 0 view .LVU4
  37 0000 134B     		ldr	r3, .L9
  38 0002 5B7A     		ldrb	r3, [r3, #9]	@ zero_extendqisi2
  39 0004 DBB2     		uxtb	r3, r3
  40              		.loc 1 73 5 view .LVU5
  41 0006 012B     		cmp	r3, #1
  42 0008 01D9     		bls	.L8
ARM GAS  /tmp/ccrL0WkH.s 			page 3


  70:Middlewares/Third_Party/FatFs/src/ff_gen_drv.c ****   uint8_t DiskNum = 0;
  43              		.loc 1 70 11 view .LVU6
  44 000a 0120     		movs	r0, #1
  45              	.LVL1:
  74:Middlewares/Third_Party/FatFs/src/ff_gen_drv.c ****   {
  75:Middlewares/Third_Party/FatFs/src/ff_gen_drv.c ****     disk.is_initialized[disk.nbr] = 0;
  76:Middlewares/Third_Party/FatFs/src/ff_gen_drv.c ****     disk.drv[disk.nbr] = drv;  
  77:Middlewares/Third_Party/FatFs/src/ff_gen_drv.c ****     disk.lun[disk.nbr] = lun;  
  78:Middlewares/Third_Party/FatFs/src/ff_gen_drv.c ****     DiskNum = disk.nbr++;
  79:Middlewares/Third_Party/FatFs/src/ff_gen_drv.c ****     path[0] = DiskNum + '0';
  80:Middlewares/Third_Party/FatFs/src/ff_gen_drv.c ****     path[1] = ':';
  81:Middlewares/Third_Party/FatFs/src/ff_gen_drv.c ****     path[2] = '/';
  82:Middlewares/Third_Party/FatFs/src/ff_gen_drv.c ****     path[3] = 0;
  83:Middlewares/Third_Party/FatFs/src/ff_gen_drv.c ****     ret = 0;
  84:Middlewares/Third_Party/FatFs/src/ff_gen_drv.c ****   }
  85:Middlewares/Third_Party/FatFs/src/ff_gen_drv.c ****   
  86:Middlewares/Third_Party/FatFs/src/ff_gen_drv.c ****   return ret;
  46              		.loc 1 86 3 is_stmt 1 view .LVU7
  87:Middlewares/Third_Party/FatFs/src/ff_gen_drv.c **** }
  47              		.loc 1 87 1 is_stmt 0 view .LVU8
  48 000c 7047     		bx	lr
  49              	.LVL2:
  50              	.L8:
  69:Middlewares/Third_Party/FatFs/src/ff_gen_drv.c ****   uint8_t ret = 1;
  51              		.loc 1 69 1 view .LVU9
  52 000e 10B4     		push	{r4}
  53              	.LCFI0:
  54              		.cfi_def_cfa_offset 4
  55              		.cfi_offset 4, -4
  56 0010 0446     		mov	r4, r0
  75:Middlewares/Third_Party/FatFs/src/ff_gen_drv.c ****     disk.drv[disk.nbr] = drv;  
  57              		.loc 1 75 5 is_stmt 1 view .LVU10
  75:Middlewares/Third_Party/FatFs/src/ff_gen_drv.c ****     disk.drv[disk.nbr] = drv;  
  58              		.loc 1 75 29 is_stmt 0 view .LVU11
  59 0012 0F4B     		ldr	r3, .L9
  60 0014 93F809C0 		ldrb	ip, [r3, #9]	@ zero_extendqisi2
  61 0018 5FFA8CFC 		uxtb	ip, ip
  75:Middlewares/Third_Party/FatFs/src/ff_gen_drv.c ****     disk.drv[disk.nbr] = drv;  
  62              		.loc 1 75 35 view .LVU12
  63 001c 0020     		movs	r0, #0
  64              	.LVL3:
  75:Middlewares/Third_Party/FatFs/src/ff_gen_drv.c ****     disk.drv[disk.nbr] = drv;  
  65              		.loc 1 75 35 view .LVU13
  66 001e 03F80C00 		strb	r0, [r3, ip]
  76:Middlewares/Third_Party/FatFs/src/ff_gen_drv.c ****     disk.lun[disk.nbr] = lun;  
  67              		.loc 1 76 5 is_stmt 1 view .LVU14
  76:Middlewares/Third_Party/FatFs/src/ff_gen_drv.c ****     disk.lun[disk.nbr] = lun;  
  68              		.loc 1 76 18 is_stmt 0 view .LVU15
  69 0022 93F809C0 		ldrb	ip, [r3, #9]	@ zero_extendqisi2
  76:Middlewares/Third_Party/FatFs/src/ff_gen_drv.c ****     disk.lun[disk.nbr] = lun;  
  70              		.loc 1 76 24 view .LVU16
  71 0026 03EB8C0C 		add	ip, r3, ip, lsl #2
  72 002a CCF80440 		str	r4, [ip, #4]
  77:Middlewares/Third_Party/FatFs/src/ff_gen_drv.c ****     DiskNum = disk.nbr++;
  73              		.loc 1 77 5 is_stmt 1 view .LVU17
  77:Middlewares/Third_Party/FatFs/src/ff_gen_drv.c ****     DiskNum = disk.nbr++;
  74              		.loc 1 77 18 is_stmt 0 view .LVU18
ARM GAS  /tmp/ccrL0WkH.s 			page 4


  75 002e 5C7A     		ldrb	r4, [r3, #9]	@ zero_extendqisi2
  76              	.LVL4:
  77:Middlewares/Third_Party/FatFs/src/ff_gen_drv.c ****     DiskNum = disk.nbr++;
  77              		.loc 1 77 24 view .LVU19
  78 0030 1C44     		add	r4, r4, r3
  79 0032 2272     		strb	r2, [r4, #8]
  78:Middlewares/Third_Party/FatFs/src/ff_gen_drv.c ****     path[0] = DiskNum + '0';
  80              		.loc 1 78 5 is_stmt 1 view .LVU20
  78:Middlewares/Third_Party/FatFs/src/ff_gen_drv.c ****     path[0] = DiskNum + '0';
  81              		.loc 1 78 19 is_stmt 0 view .LVU21
  82 0034 5A7A     		ldrb	r2, [r3, #9]	@ zero_extendqisi2
  83              	.LVL5:
  78:Middlewares/Third_Party/FatFs/src/ff_gen_drv.c ****     path[0] = DiskNum + '0';
  84              		.loc 1 78 23 view .LVU22
  85 0036 541C     		adds	r4, r2, #1
  86              	.LVL6:
  78:Middlewares/Third_Party/FatFs/src/ff_gen_drv.c ****     path[0] = DiskNum + '0';
  87              		.loc 1 78 23 view .LVU23
  88 0038 E4B2     		uxtb	r4, r4
  89 003a 5C72     		strb	r4, [r3, #9]
  90              	.LVL7:
  79:Middlewares/Third_Party/FatFs/src/ff_gen_drv.c ****     path[1] = ':';
  91              		.loc 1 79 5 is_stmt 1 view .LVU24
  79:Middlewares/Third_Party/FatFs/src/ff_gen_drv.c ****     path[1] = ':';
  92              		.loc 1 79 23 is_stmt 0 view .LVU25
  93 003c 3032     		adds	r2, r2, #48
  94              	.LVL8:
  79:Middlewares/Third_Party/FatFs/src/ff_gen_drv.c ****     path[1] = ':';
  95              		.loc 1 79 13 view .LVU26
  96 003e 0A70     		strb	r2, [r1]
  97              	.LVL9:
  80:Middlewares/Third_Party/FatFs/src/ff_gen_drv.c ****     path[2] = '/';
  98              		.loc 1 80 5 is_stmt 1 view .LVU27
  80:Middlewares/Third_Party/FatFs/src/ff_gen_drv.c ****     path[2] = '/';
  99              		.loc 1 80 13 is_stmt 0 view .LVU28
 100 0040 3A23     		movs	r3, #58
 101 0042 4B70     		strb	r3, [r1, #1]
  81:Middlewares/Third_Party/FatFs/src/ff_gen_drv.c ****     path[3] = 0;
 102              		.loc 1 81 5 is_stmt 1 view .LVU29
  81:Middlewares/Third_Party/FatFs/src/ff_gen_drv.c ****     path[3] = 0;
 103              		.loc 1 81 13 is_stmt 0 view .LVU30
 104 0044 2F23     		movs	r3, #47
 105 0046 8B70     		strb	r3, [r1, #2]
  82:Middlewares/Third_Party/FatFs/src/ff_gen_drv.c ****     ret = 0;
 106              		.loc 1 82 5 is_stmt 1 view .LVU31
  82:Middlewares/Third_Party/FatFs/src/ff_gen_drv.c ****     ret = 0;
 107              		.loc 1 82 13 is_stmt 0 view .LVU32
 108 0048 C870     		strb	r0, [r1, #3]
  83:Middlewares/Third_Party/FatFs/src/ff_gen_drv.c ****   }
 109              		.loc 1 83 5 is_stmt 1 view .LVU33
 110              	.LVL10:
  86:Middlewares/Third_Party/FatFs/src/ff_gen_drv.c **** }
 111              		.loc 1 86 3 view .LVU34
 112              		.loc 1 87 1 is_stmt 0 view .LVU35
 113 004a 10BC     		pop	{r4}
 114              	.LCFI1:
 115              		.cfi_restore 4
ARM GAS  /tmp/ccrL0WkH.s 			page 5


 116              		.cfi_def_cfa_offset 0
 117 004c 7047     		bx	lr
 118              	.L10:
 119 004e 00BF     		.align	2
 120              	.L9:
 121 0050 00000000 		.word	.LANCHOR0
 122              		.cfi_endproc
 123              	.LFE72:
 125              		.section	.text.FATFS_LinkDriver,"ax",%progbits
 126              		.align	1
 127              		.global	FATFS_LinkDriver
 128              		.syntax unified
 129              		.thumb
 130              		.thumb_func
 131              		.fpu softvfp
 133              	FATFS_LinkDriver:
 134              	.LVL11:
 135              	.LFB73:
  88:Middlewares/Third_Party/FatFs/src/ff_gen_drv.c **** 
  89:Middlewares/Third_Party/FatFs/src/ff_gen_drv.c **** /**
  90:Middlewares/Third_Party/FatFs/src/ff_gen_drv.c ****   * @brief  Links a compatible diskio driver and increments the number of active
  91:Middlewares/Third_Party/FatFs/src/ff_gen_drv.c ****   *         linked drivers.          
  92:Middlewares/Third_Party/FatFs/src/ff_gen_drv.c ****   * @note   The number of linked drivers (volumes) is up to 10 due to FatFs limits
  93:Middlewares/Third_Party/FatFs/src/ff_gen_drv.c ****   * @param  drv: pointer to the disk IO Driver structure
  94:Middlewares/Third_Party/FatFs/src/ff_gen_drv.c ****   * @param  path: pointer to the logical drive path 
  95:Middlewares/Third_Party/FatFs/src/ff_gen_drv.c ****   * @retval Returns 0 in case of success, otherwise 1.
  96:Middlewares/Third_Party/FatFs/src/ff_gen_drv.c ****   */
  97:Middlewares/Third_Party/FatFs/src/ff_gen_drv.c **** uint8_t FATFS_LinkDriver(Diskio_drvTypeDef *drv, char *path)
  98:Middlewares/Third_Party/FatFs/src/ff_gen_drv.c **** {
 136              		.loc 1 98 1 is_stmt 1 view -0
 137              		.cfi_startproc
 138              		@ args = 0, pretend = 0, frame = 0
 139              		@ frame_needed = 0, uses_anonymous_args = 0
 140              		.loc 1 98 1 is_stmt 0 view .LVU37
 141 0000 08B5     		push	{r3, lr}
 142              	.LCFI2:
 143              		.cfi_def_cfa_offset 8
 144              		.cfi_offset 3, -8
 145              		.cfi_offset 14, -4
  99:Middlewares/Third_Party/FatFs/src/ff_gen_drv.c ****   return FATFS_LinkDriverEx(drv, path, 0);
 146              		.loc 1 99 3 is_stmt 1 view .LVU38
 147              		.loc 1 99 10 is_stmt 0 view .LVU39
 148 0002 0022     		movs	r2, #0
 149 0004 FFF7FEFF 		bl	FATFS_LinkDriverEx
 150              	.LVL12:
 100:Middlewares/Third_Party/FatFs/src/ff_gen_drv.c **** }
 151              		.loc 1 100 1 view .LVU40
 152 0008 08BD     		pop	{r3, pc}
 153              		.cfi_endproc
 154              	.LFE73:
 156              		.section	.text.FATFS_UnLinkDriverEx,"ax",%progbits
 157              		.align	1
 158              		.global	FATFS_UnLinkDriverEx
 159              		.syntax unified
 160              		.thumb
 161              		.thumb_func
 162              		.fpu softvfp
ARM GAS  /tmp/ccrL0WkH.s 			page 6


 164              	FATFS_UnLinkDriverEx:
 165              	.LVL13:
 166              	.LFB74:
 101:Middlewares/Third_Party/FatFs/src/ff_gen_drv.c **** 
 102:Middlewares/Third_Party/FatFs/src/ff_gen_drv.c **** /**
 103:Middlewares/Third_Party/FatFs/src/ff_gen_drv.c ****   * @brief  Unlinks a diskio driver and decrements the number of active linked
 104:Middlewares/Third_Party/FatFs/src/ff_gen_drv.c ****   *         drivers.
 105:Middlewares/Third_Party/FatFs/src/ff_gen_drv.c ****   * @param  path: pointer to the logical drive path  
 106:Middlewares/Third_Party/FatFs/src/ff_gen_drv.c ****   * @param  lun : not used   
 107:Middlewares/Third_Party/FatFs/src/ff_gen_drv.c ****   * @retval Returns 0 in case of success, otherwise 1.
 108:Middlewares/Third_Party/FatFs/src/ff_gen_drv.c ****   */
 109:Middlewares/Third_Party/FatFs/src/ff_gen_drv.c **** uint8_t FATFS_UnLinkDriverEx(char *path, uint8_t lun)
 110:Middlewares/Third_Party/FatFs/src/ff_gen_drv.c **** { 
 167              		.loc 1 110 1 is_stmt 1 view -0
 168              		.cfi_startproc
 169              		@ args = 0, pretend = 0, frame = 0
 170              		@ frame_needed = 0, uses_anonymous_args = 0
 171              		@ link register save eliminated.
 111:Middlewares/Third_Party/FatFs/src/ff_gen_drv.c ****   uint8_t DiskNum = 0;
 172              		.loc 1 111 3 view .LVU42
 112:Middlewares/Third_Party/FatFs/src/ff_gen_drv.c ****   uint8_t ret = 1;
 173              		.loc 1 112 3 view .LVU43
 113:Middlewares/Third_Party/FatFs/src/ff_gen_drv.c ****   
 114:Middlewares/Third_Party/FatFs/src/ff_gen_drv.c ****   if(disk.nbr >= 1)
 174              		.loc 1 114 3 view .LVU44
 175              		.loc 1 114 10 is_stmt 0 view .LVU45
 176 0000 0D4B     		ldr	r3, .L17
 177 0002 5B7A     		ldrb	r3, [r3, #9]	@ zero_extendqisi2
 178              		.loc 1 114 5 view .LVU46
 179 0004 9BB1     		cbz	r3, .L15
 115:Middlewares/Third_Party/FatFs/src/ff_gen_drv.c ****   {    
 116:Middlewares/Third_Party/FatFs/src/ff_gen_drv.c ****     DiskNum = path[0] - '0';
 180              		.loc 1 116 5 is_stmt 1 view .LVU47
 181              		.loc 1 116 19 is_stmt 0 view .LVU48
 182 0006 0378     		ldrb	r3, [r0]	@ zero_extendqisi2
 183              		.loc 1 116 13 view .LVU49
 184 0008 303B     		subs	r3, r3, #48
 185 000a DBB2     		uxtb	r3, r3
 186              	.LVL14:
 117:Middlewares/Third_Party/FatFs/src/ff_gen_drv.c ****     if(disk.drv[DiskNum] != 0)
 187              		.loc 1 117 5 is_stmt 1 view .LVU50
 188              		.loc 1 117 16 is_stmt 0 view .LVU51
 189 000c 0A4A     		ldr	r2, .L17
 190 000e 02EB8302 		add	r2, r2, r3, lsl #2
 191 0012 5268     		ldr	r2, [r2, #4]
 192              		.loc 1 117 7 view .LVU52
 193 0014 6AB1     		cbz	r2, .L16
 118:Middlewares/Third_Party/FatFs/src/ff_gen_drv.c ****     {
 119:Middlewares/Third_Party/FatFs/src/ff_gen_drv.c ****       disk.drv[DiskNum] = 0;
 194              		.loc 1 119 7 is_stmt 1 view .LVU53
 195              		.loc 1 119 25 is_stmt 0 view .LVU54
 196 0016 084A     		ldr	r2, .L17
 197 0018 02EB8301 		add	r1, r2, r3, lsl #2
 198              	.LVL15:
 199              		.loc 1 119 25 view .LVU55
 200 001c 0020     		movs	r0, #0
 201              	.LVL16:
ARM GAS  /tmp/ccrL0WkH.s 			page 7


 202              		.loc 1 119 25 view .LVU56
 203 001e 4860     		str	r0, [r1, #4]
 120:Middlewares/Third_Party/FatFs/src/ff_gen_drv.c ****       disk.lun[DiskNum] = 0;
 204              		.loc 1 120 7 is_stmt 1 view .LVU57
 205              		.loc 1 120 25 is_stmt 0 view .LVU58
 206 0020 1344     		add	r3, r3, r2
 207 0022 1872     		strb	r0, [r3, #8]
 121:Middlewares/Third_Party/FatFs/src/ff_gen_drv.c ****       disk.nbr--;
 208              		.loc 1 121 7 is_stmt 1 view .LVU59
 209              		.loc 1 121 11 is_stmt 0 view .LVU60
 210 0024 537A     		ldrb	r3, [r2, #9]	@ zero_extendqisi2
 211              		.loc 1 121 15 view .LVU61
 212 0026 013B     		subs	r3, r3, #1
 213 0028 DBB2     		uxtb	r3, r3
 214 002a 5372     		strb	r3, [r2, #9]
 122:Middlewares/Third_Party/FatFs/src/ff_gen_drv.c ****       ret = 0;
 215              		.loc 1 122 7 is_stmt 1 view .LVU62
 216              	.LVL17:
 217              		.loc 1 122 7 is_stmt 0 view .LVU63
 218 002c 7047     		bx	lr
 219              	.LVL18:
 220              	.L15:
 112:Middlewares/Third_Party/FatFs/src/ff_gen_drv.c ****   
 221              		.loc 1 112 11 view .LVU64
 222 002e 0120     		movs	r0, #1
 223              	.LVL19:
 112:Middlewares/Third_Party/FatFs/src/ff_gen_drv.c ****   
 224              		.loc 1 112 11 view .LVU65
 225 0030 7047     		bx	lr
 226              	.LVL20:
 227              	.L16:
 112:Middlewares/Third_Party/FatFs/src/ff_gen_drv.c ****   
 228              		.loc 1 112 11 view .LVU66
 229 0032 0120     		movs	r0, #1
 230              	.LVL21:
 123:Middlewares/Third_Party/FatFs/src/ff_gen_drv.c ****     }
 124:Middlewares/Third_Party/FatFs/src/ff_gen_drv.c ****   }
 125:Middlewares/Third_Party/FatFs/src/ff_gen_drv.c ****   
 126:Middlewares/Third_Party/FatFs/src/ff_gen_drv.c ****   return ret;
 231              		.loc 1 126 3 is_stmt 1 view .LVU67
 127:Middlewares/Third_Party/FatFs/src/ff_gen_drv.c **** }
 232              		.loc 1 127 1 is_stmt 0 view .LVU68
 233 0034 7047     		bx	lr
 234              	.L18:
 235 0036 00BF     		.align	2
 236              	.L17:
 237 0038 00000000 		.word	.LANCHOR0
 238              		.cfi_endproc
 239              	.LFE74:
 241              		.section	.text.FATFS_UnLinkDriver,"ax",%progbits
 242              		.align	1
 243              		.global	FATFS_UnLinkDriver
 244              		.syntax unified
 245              		.thumb
 246              		.thumb_func
 247              		.fpu softvfp
 249              	FATFS_UnLinkDriver:
ARM GAS  /tmp/ccrL0WkH.s 			page 8


 250              	.LVL22:
 251              	.LFB75:
 128:Middlewares/Third_Party/FatFs/src/ff_gen_drv.c **** 
 129:Middlewares/Third_Party/FatFs/src/ff_gen_drv.c **** /**
 130:Middlewares/Third_Party/FatFs/src/ff_gen_drv.c ****   * @brief  Unlinks a diskio driver and decrements the number of active linked
 131:Middlewares/Third_Party/FatFs/src/ff_gen_drv.c ****   *         drivers.
 132:Middlewares/Third_Party/FatFs/src/ff_gen_drv.c ****   * @param  path: pointer to the logical drive path  
 133:Middlewares/Third_Party/FatFs/src/ff_gen_drv.c ****   * @retval Returns 0 in case of success, otherwise 1.
 134:Middlewares/Third_Party/FatFs/src/ff_gen_drv.c ****   */
 135:Middlewares/Third_Party/FatFs/src/ff_gen_drv.c **** uint8_t FATFS_UnLinkDriver(char *path)
 136:Middlewares/Third_Party/FatFs/src/ff_gen_drv.c **** { 
 252              		.loc 1 136 1 is_stmt 1 view -0
 253              		.cfi_startproc
 254              		@ args = 0, pretend = 0, frame = 0
 255              		@ frame_needed = 0, uses_anonymous_args = 0
 256              		.loc 1 136 1 is_stmt 0 view .LVU70
 257 0000 08B5     		push	{r3, lr}
 258              	.LCFI3:
 259              		.cfi_def_cfa_offset 8
 260              		.cfi_offset 3, -8
 261              		.cfi_offset 14, -4
 137:Middlewares/Third_Party/FatFs/src/ff_gen_drv.c ****   return FATFS_UnLinkDriverEx(path, 0);
 262              		.loc 1 137 3 is_stmt 1 view .LVU71
 263              		.loc 1 137 10 is_stmt 0 view .LVU72
 264 0002 0021     		movs	r1, #0
 265 0004 FFF7FEFF 		bl	FATFS_UnLinkDriverEx
 266              	.LVL23:
 138:Middlewares/Third_Party/FatFs/src/ff_gen_drv.c **** }
 267              		.loc 1 138 1 view .LVU73
 268 0008 08BD     		pop	{r3, pc}
 269              		.cfi_endproc
 270              	.LFE75:
 272              		.section	.text.FATFS_GetAttachedDriversNbr,"ax",%progbits
 273              		.align	1
 274              		.global	FATFS_GetAttachedDriversNbr
 275              		.syntax unified
 276              		.thumb
 277              		.thumb_func
 278              		.fpu softvfp
 280              	FATFS_GetAttachedDriversNbr:
 281              	.LFB76:
 139:Middlewares/Third_Party/FatFs/src/ff_gen_drv.c **** 
 140:Middlewares/Third_Party/FatFs/src/ff_gen_drv.c **** /**
 141:Middlewares/Third_Party/FatFs/src/ff_gen_drv.c ****   * @brief  Gets number of linked drivers to the FatFs module.
 142:Middlewares/Third_Party/FatFs/src/ff_gen_drv.c ****   * @param  None
 143:Middlewares/Third_Party/FatFs/src/ff_gen_drv.c ****   * @retval Number of attached drivers.
 144:Middlewares/Third_Party/FatFs/src/ff_gen_drv.c ****   */
 145:Middlewares/Third_Party/FatFs/src/ff_gen_drv.c **** uint8_t FATFS_GetAttachedDriversNbr(void)
 146:Middlewares/Third_Party/FatFs/src/ff_gen_drv.c **** {
 282              		.loc 1 146 1 is_stmt 1 view -0
 283              		.cfi_startproc
 284              		@ args = 0, pretend = 0, frame = 0
 285              		@ frame_needed = 0, uses_anonymous_args = 0
 286              		@ link register save eliminated.
 147:Middlewares/Third_Party/FatFs/src/ff_gen_drv.c ****   return disk.nbr;
 287              		.loc 1 147 3 view .LVU75
 288              		.loc 1 147 14 is_stmt 0 view .LVU76
ARM GAS  /tmp/ccrL0WkH.s 			page 9


 289 0000 014B     		ldr	r3, .L22
 290 0002 587A     		ldrb	r0, [r3, #9]	@ zero_extendqisi2
 148:Middlewares/Third_Party/FatFs/src/ff_gen_drv.c **** }
 291              		.loc 1 148 1 view .LVU77
 292 0004 7047     		bx	lr
 293              	.L23:
 294 0006 00BF     		.align	2
 295              	.L22:
 296 0008 00000000 		.word	.LANCHOR0
 297              		.cfi_endproc
 298              	.LFE76:
 300              		.global	disk
 301              		.section	.bss.disk,"aw",%nobits
 302              		.align	2
 303              		.set	.LANCHOR0,. + 0
 306              	disk:
 307 0000 00000000 		.space	12
 307      00000000 
 307      00000000 
 308              		.text
 309              	.Letext0:
 310              		.file 2 "Middlewares/Third_Party/FatFs/src/integer.h"
 311              		.file 3 "Middlewares/Third_Party/FatFs/src/diskio.h"
 312              		.file 4 "/home/onur/STM32Toolchain/gcc-arm/arm-none-eabi/include/machine/_default_types.h"
 313              		.file 5 "/home/onur/STM32Toolchain/gcc-arm/arm-none-eabi/include/sys/_stdint.h"
 314              		.file 6 "Middlewares/Third_Party/FatFs/src/ff_gen_drv.h"
ARM GAS  /tmp/ccrL0WkH.s 			page 10


DEFINED SYMBOLS
                            *ABS*:0000000000000000 ff_gen_drv.c
     /tmp/ccrL0WkH.s:16     .text.FATFS_LinkDriverEx:0000000000000000 $t
     /tmp/ccrL0WkH.s:24     .text.FATFS_LinkDriverEx:0000000000000000 FATFS_LinkDriverEx
     /tmp/ccrL0WkH.s:121    .text.FATFS_LinkDriverEx:0000000000000050 $d
     /tmp/ccrL0WkH.s:126    .text.FATFS_LinkDriver:0000000000000000 $t
     /tmp/ccrL0WkH.s:133    .text.FATFS_LinkDriver:0000000000000000 FATFS_LinkDriver
     /tmp/ccrL0WkH.s:157    .text.FATFS_UnLinkDriverEx:0000000000000000 $t
     /tmp/ccrL0WkH.s:164    .text.FATFS_UnLinkDriverEx:0000000000000000 FATFS_UnLinkDriverEx
     /tmp/ccrL0WkH.s:237    .text.FATFS_UnLinkDriverEx:0000000000000038 $d
     /tmp/ccrL0WkH.s:242    .text.FATFS_UnLinkDriver:0000000000000000 $t
     /tmp/ccrL0WkH.s:249    .text.FATFS_UnLinkDriver:0000000000000000 FATFS_UnLinkDriver
     /tmp/ccrL0WkH.s:273    .text.FATFS_GetAttachedDriversNbr:0000000000000000 $t
     /tmp/ccrL0WkH.s:280    .text.FATFS_GetAttachedDriversNbr:0000000000000000 FATFS_GetAttachedDriversNbr
     /tmp/ccrL0WkH.s:296    .text.FATFS_GetAttachedDriversNbr:0000000000000008 $d
     /tmp/ccrL0WkH.s:306    .bss.disk:0000000000000000 disk
     /tmp/ccrL0WkH.s:302    .bss.disk:0000000000000000 $d

NO UNDEFINED SYMBOLS
