ARM GAS  /tmp/ccDsefF3.s 			page 1


   1              		.cpu cortex-m3
   2              		.eabi_attribute 20, 1
   3              		.eabi_attribute 21, 1
   4              		.eabi_attribute 23, 3
   5              		.eabi_attribute 24, 1
   6              		.eabi_attribute 25, 1
   7              		.eabi_attribute 26, 1
   8              		.eabi_attribute 30, 1
   9              		.eabi_attribute 34, 1
  10              		.eabi_attribute 18, 4
  11              		.file	"sd_diskio.c"
  12              		.text
  13              	.Ltext0:
  14              		.cfi_sections	.debug_frame
  15              		.section	.text.SD_initialize,"ax",%progbits
  16              		.align	1
  17              		.global	SD_initialize
  18              		.arch armv7-m
  19              		.syntax unified
  20              		.thumb
  21              		.thumb_func
  22              		.fpu softvfp
  24              	SD_initialize:
  25              	.LVL0:
  26              	.LFB72:
  27              		.file 1 "Middlewares/Third_Party/FatFs/src/drivers/sd_diskio.c"
   1:Middlewares/Third_Party/FatFs/src/drivers/sd_diskio.c **** /**
   2:Middlewares/Third_Party/FatFs/src/drivers/sd_diskio.c ****   ******************************************************************************
   3:Middlewares/Third_Party/FatFs/src/drivers/sd_diskio.c ****   * @file    sd_diskio.c
   4:Middlewares/Third_Party/FatFs/src/drivers/sd_diskio.c ****   * @author  MCD Application Team
   5:Middlewares/Third_Party/FatFs/src/drivers/sd_diskio.c ****   * @version V1.4.1
   6:Middlewares/Third_Party/FatFs/src/drivers/sd_diskio.c ****   * @date    14-February-2017
   7:Middlewares/Third_Party/FatFs/src/drivers/sd_diskio.c ****   * @brief   SD Disk I/O driver
   8:Middlewares/Third_Party/FatFs/src/drivers/sd_diskio.c ****   ******************************************************************************
   9:Middlewares/Third_Party/FatFs/src/drivers/sd_diskio.c ****   * @attention
  10:Middlewares/Third_Party/FatFs/src/drivers/sd_diskio.c ****   *
  11:Middlewares/Third_Party/FatFs/src/drivers/sd_diskio.c ****   * <h2><center>&copy; COPYRIGHT 2017 STMicroelectronics</center></h2>
  12:Middlewares/Third_Party/FatFs/src/drivers/sd_diskio.c ****   *
  13:Middlewares/Third_Party/FatFs/src/drivers/sd_diskio.c ****   * Redistribution and use in source and binary forms, with or without 
  14:Middlewares/Third_Party/FatFs/src/drivers/sd_diskio.c ****   * modification, are permitted, provided that the following conditions are met:
  15:Middlewares/Third_Party/FatFs/src/drivers/sd_diskio.c ****   *
  16:Middlewares/Third_Party/FatFs/src/drivers/sd_diskio.c ****   * 1. Redistribution of source code must retain the above copyright notice, 
  17:Middlewares/Third_Party/FatFs/src/drivers/sd_diskio.c ****   *    this list of conditions and the following disclaimer.
  18:Middlewares/Third_Party/FatFs/src/drivers/sd_diskio.c ****   * 2. Redistributions in binary form must reproduce the above copyright notice,
  19:Middlewares/Third_Party/FatFs/src/drivers/sd_diskio.c ****   *    this list of conditions and the following disclaimer in the documentation
  20:Middlewares/Third_Party/FatFs/src/drivers/sd_diskio.c ****   *    and/or other materials provided with the distribution.
  21:Middlewares/Third_Party/FatFs/src/drivers/sd_diskio.c ****   * 3. Neither the name of STMicroelectronics nor the names of other 
  22:Middlewares/Third_Party/FatFs/src/drivers/sd_diskio.c ****   *    contributors to this software may be used to endorse or promote products 
  23:Middlewares/Third_Party/FatFs/src/drivers/sd_diskio.c ****   *    derived from this software without specific written permission.
  24:Middlewares/Third_Party/FatFs/src/drivers/sd_diskio.c ****   * 4. This software, including modifications and/or derivative works of this 
  25:Middlewares/Third_Party/FatFs/src/drivers/sd_diskio.c ****   *    software, must execute solely and exclusively on microcontroller or
  26:Middlewares/Third_Party/FatFs/src/drivers/sd_diskio.c ****   *    microprocessor devices manufactured by or for STMicroelectronics.
  27:Middlewares/Third_Party/FatFs/src/drivers/sd_diskio.c ****   * 5. Redistribution and use of this software other than as permitted under 
  28:Middlewares/Third_Party/FatFs/src/drivers/sd_diskio.c ****   *    this license is void and will automatically terminate your rights under 
  29:Middlewares/Third_Party/FatFs/src/drivers/sd_diskio.c ****   *    this license. 
  30:Middlewares/Third_Party/FatFs/src/drivers/sd_diskio.c ****   *
  31:Middlewares/Third_Party/FatFs/src/drivers/sd_diskio.c ****   * THIS SOFTWARE IS PROVIDED BY STMICROELECTRONICS AND CONTRIBUTORS "AS IS" 
ARM GAS  /tmp/ccDsefF3.s 			page 2


  32:Middlewares/Third_Party/FatFs/src/drivers/sd_diskio.c ****   * AND ANY EXPRESS, IMPLIED OR STATUTORY WARRANTIES, INCLUDING, BUT NOT 
  33:Middlewares/Third_Party/FatFs/src/drivers/sd_diskio.c ****   * LIMITED TO, THE IMPLIED WARRANTIES OF MERCHANTABILITY, FITNESS FOR A 
  34:Middlewares/Third_Party/FatFs/src/drivers/sd_diskio.c ****   * PARTICULAR PURPOSE AND NON-INFRINGEMENT OF THIRD PARTY INTELLECTUAL PROPERTY
  35:Middlewares/Third_Party/FatFs/src/drivers/sd_diskio.c ****   * RIGHTS ARE DISCLAIMED TO THE FULLEST EXTENT PERMITTED BY LAW. IN NO EVENT 
  36:Middlewares/Third_Party/FatFs/src/drivers/sd_diskio.c ****   * SHALL STMICROELECTRONICS OR CONTRIBUTORS BE LIABLE FOR ANY DIRECT, INDIRECT,
  37:Middlewares/Third_Party/FatFs/src/drivers/sd_diskio.c ****   * INCIDENTAL, SPECIAL, EXEMPLARY, OR CONSEQUENTIAL DAMAGES (INCLUDING, BUT NOT
  38:Middlewares/Third_Party/FatFs/src/drivers/sd_diskio.c ****   * LIMITED TO, PROCUREMENT OF SUBSTITUTE GOODS OR SERVICES; LOSS OF USE, DATA, 
  39:Middlewares/Third_Party/FatFs/src/drivers/sd_diskio.c ****   * OR PROFITS; OR BUSINESS INTERRUPTION) HOWEVER CAUSED AND ON ANY THEORY OF 
  40:Middlewares/Third_Party/FatFs/src/drivers/sd_diskio.c ****   * LIABILITY, WHETHER IN CONTRACT, STRICT LIABILITY, OR TORT (INCLUDING 
  41:Middlewares/Third_Party/FatFs/src/drivers/sd_diskio.c ****   * NEGLIGENCE OR OTHERWISE) ARISING IN ANY WAY OUT OF THE USE OF THIS SOFTWARE,
  42:Middlewares/Third_Party/FatFs/src/drivers/sd_diskio.c ****   * EVEN IF ADVISED OF THE POSSIBILITY OF SUCH DAMAGE.
  43:Middlewares/Third_Party/FatFs/src/drivers/sd_diskio.c ****   *
  44:Middlewares/Third_Party/FatFs/src/drivers/sd_diskio.c ****   ******************************************************************************
  45:Middlewares/Third_Party/FatFs/src/drivers/sd_diskio.c ****   */ 
  46:Middlewares/Third_Party/FatFs/src/drivers/sd_diskio.c **** 
  47:Middlewares/Third_Party/FatFs/src/drivers/sd_diskio.c **** /* Includes ------------------------------------------------------------------*/
  48:Middlewares/Third_Party/FatFs/src/drivers/sd_diskio.c **** #include <string.h>
  49:Middlewares/Third_Party/FatFs/src/drivers/sd_diskio.c **** #include "ff_gen_drv.h"
  50:Middlewares/Third_Party/FatFs/src/drivers/sd_diskio.c **** 
  51:Middlewares/Third_Party/FatFs/src/drivers/sd_diskio.c **** /* Private typedef -----------------------------------------------------------*/
  52:Middlewares/Third_Party/FatFs/src/drivers/sd_diskio.c **** /* Private define ------------------------------------------------------------*/
  53:Middlewares/Third_Party/FatFs/src/drivers/sd_diskio.c **** /* Private variables ---------------------------------------------------------*/
  54:Middlewares/Third_Party/FatFs/src/drivers/sd_diskio.c **** /* Disk status */
  55:Middlewares/Third_Party/FatFs/src/drivers/sd_diskio.c **** static volatile DSTATUS Stat = STA_NOINIT;
  56:Middlewares/Third_Party/FatFs/src/drivers/sd_diskio.c **** 
  57:Middlewares/Third_Party/FatFs/src/drivers/sd_diskio.c **** /* Private function prototypes -----------------------------------------------*/
  58:Middlewares/Third_Party/FatFs/src/drivers/sd_diskio.c **** DSTATUS SD_initialize (BYTE);
  59:Middlewares/Third_Party/FatFs/src/drivers/sd_diskio.c **** DSTATUS SD_status (BYTE);
  60:Middlewares/Third_Party/FatFs/src/drivers/sd_diskio.c **** DRESULT SD_read (BYTE, BYTE*, DWORD, UINT);
  61:Middlewares/Third_Party/FatFs/src/drivers/sd_diskio.c **** #if _USE_WRITE == 1
  62:Middlewares/Third_Party/FatFs/src/drivers/sd_diskio.c ****   DRESULT SD_write (BYTE, const BYTE*, DWORD, UINT);
  63:Middlewares/Third_Party/FatFs/src/drivers/sd_diskio.c **** #endif /* _USE_WRITE == 1 */
  64:Middlewares/Third_Party/FatFs/src/drivers/sd_diskio.c **** #if _USE_IOCTL == 1
  65:Middlewares/Third_Party/FatFs/src/drivers/sd_diskio.c ****   DRESULT SD_ioctl (BYTE, BYTE, void*);
  66:Middlewares/Third_Party/FatFs/src/drivers/sd_diskio.c **** #endif  /* _USE_IOCTL == 1 */
  67:Middlewares/Third_Party/FatFs/src/drivers/sd_diskio.c ****   
  68:Middlewares/Third_Party/FatFs/src/drivers/sd_diskio.c **** const Diskio_drvTypeDef  SD_Driver =
  69:Middlewares/Third_Party/FatFs/src/drivers/sd_diskio.c **** {
  70:Middlewares/Third_Party/FatFs/src/drivers/sd_diskio.c ****   SD_initialize,
  71:Middlewares/Third_Party/FatFs/src/drivers/sd_diskio.c ****   SD_status,
  72:Middlewares/Third_Party/FatFs/src/drivers/sd_diskio.c ****   SD_read, 
  73:Middlewares/Third_Party/FatFs/src/drivers/sd_diskio.c **** #if  _USE_WRITE == 1
  74:Middlewares/Third_Party/FatFs/src/drivers/sd_diskio.c ****   SD_write,
  75:Middlewares/Third_Party/FatFs/src/drivers/sd_diskio.c **** #endif /* _USE_WRITE == 1 */
  76:Middlewares/Third_Party/FatFs/src/drivers/sd_diskio.c ****   
  77:Middlewares/Third_Party/FatFs/src/drivers/sd_diskio.c **** #if  _USE_IOCTL == 1
  78:Middlewares/Third_Party/FatFs/src/drivers/sd_diskio.c ****   SD_ioctl,
  79:Middlewares/Third_Party/FatFs/src/drivers/sd_diskio.c **** #endif /* _USE_IOCTL == 1 */
  80:Middlewares/Third_Party/FatFs/src/drivers/sd_diskio.c **** };
  81:Middlewares/Third_Party/FatFs/src/drivers/sd_diskio.c **** 
  82:Middlewares/Third_Party/FatFs/src/drivers/sd_diskio.c **** /* Private functions ---------------------------------------------------------*/
  83:Middlewares/Third_Party/FatFs/src/drivers/sd_diskio.c **** 
  84:Middlewares/Third_Party/FatFs/src/drivers/sd_diskio.c **** /**
  85:Middlewares/Third_Party/FatFs/src/drivers/sd_diskio.c ****   * @brief  Initializes a Drive
  86:Middlewares/Third_Party/FatFs/src/drivers/sd_diskio.c ****   * @param  lun : not used 
  87:Middlewares/Third_Party/FatFs/src/drivers/sd_diskio.c ****   * @retval DSTATUS: Operation status
  88:Middlewares/Third_Party/FatFs/src/drivers/sd_diskio.c ****   */
ARM GAS  /tmp/ccDsefF3.s 			page 3


  89:Middlewares/Third_Party/FatFs/src/drivers/sd_diskio.c **** DSTATUS SD_initialize(BYTE lun)
  90:Middlewares/Third_Party/FatFs/src/drivers/sd_diskio.c **** {
  28              		.loc 1 90 1 view -0
  29              		.cfi_startproc
  30              		@ args = 0, pretend = 0, frame = 0
  31              		@ frame_needed = 0, uses_anonymous_args = 0
  32              		.loc 1 90 1 is_stmt 0 view .LVU1
  33 0000 08B5     		push	{r3, lr}
  34              	.LCFI0:
  35              		.cfi_def_cfa_offset 8
  36              		.cfi_offset 3, -8
  37              		.cfi_offset 14, -4
  91:Middlewares/Third_Party/FatFs/src/drivers/sd_diskio.c ****   Stat = STA_NOINIT;
  38              		.loc 1 91 3 is_stmt 1 view .LVU2
  39              		.loc 1 91 8 is_stmt 0 view .LVU3
  40 0002 074B     		ldr	r3, .L4
  41 0004 0122     		movs	r2, #1
  42 0006 1A70     		strb	r2, [r3]
  92:Middlewares/Third_Party/FatFs/src/drivers/sd_diskio.c ****   
  93:Middlewares/Third_Party/FatFs/src/drivers/sd_diskio.c ****   /* Configure the uSD device */
  94:Middlewares/Third_Party/FatFs/src/drivers/sd_diskio.c ****   if(BSP_SD_Init() == MSD_OK)
  43              		.loc 1 94 3 is_stmt 1 view .LVU4
  44              		.loc 1 94 6 is_stmt 0 view .LVU5
  45 0008 FFF7FEFF 		bl	BSP_SD_Init
  46              	.LVL1:
  47              		.loc 1 94 5 view .LVU6
  48 000c 20B9     		cbnz	r0, .L2
  95:Middlewares/Third_Party/FatFs/src/drivers/sd_diskio.c ****   {
  96:Middlewares/Third_Party/FatFs/src/drivers/sd_diskio.c ****     Stat &= ~STA_NOINIT;
  49              		.loc 1 96 5 is_stmt 1 view .LVU7
  50              		.loc 1 96 10 is_stmt 0 view .LVU8
  51 000e 044A     		ldr	r2, .L4
  52 0010 1378     		ldrb	r3, [r2]	@ zero_extendqisi2
  53 0012 03F0FE03 		and	r3, r3, #254
  54 0016 1370     		strb	r3, [r2]
  55              	.L2:
  97:Middlewares/Third_Party/FatFs/src/drivers/sd_diskio.c ****   }
  98:Middlewares/Third_Party/FatFs/src/drivers/sd_diskio.c **** 
  99:Middlewares/Third_Party/FatFs/src/drivers/sd_diskio.c ****   return Stat;
  56              		.loc 1 99 3 is_stmt 1 view .LVU9
  57              		.loc 1 99 10 is_stmt 0 view .LVU10
  58 0018 014B     		ldr	r3, .L4
  59 001a 1878     		ldrb	r0, [r3]	@ zero_extendqisi2
 100:Middlewares/Third_Party/FatFs/src/drivers/sd_diskio.c **** }
  60              		.loc 1 100 1 view .LVU11
  61 001c 08BD     		pop	{r3, pc}
  62              	.L5:
  63 001e 00BF     		.align	2
  64              	.L4:
  65 0020 00000000 		.word	.LANCHOR0
  66              		.cfi_endproc
  67              	.LFE72:
  69              		.section	.text.SD_status,"ax",%progbits
  70              		.align	1
  71              		.global	SD_status
  72              		.syntax unified
  73              		.thumb
ARM GAS  /tmp/ccDsefF3.s 			page 4


  74              		.thumb_func
  75              		.fpu softvfp
  77              	SD_status:
  78              	.LVL2:
  79              	.LFB73:
 101:Middlewares/Third_Party/FatFs/src/drivers/sd_diskio.c **** 
 102:Middlewares/Third_Party/FatFs/src/drivers/sd_diskio.c **** /**
 103:Middlewares/Third_Party/FatFs/src/drivers/sd_diskio.c ****   * @brief  Gets Disk Status
 104:Middlewares/Third_Party/FatFs/src/drivers/sd_diskio.c ****   * @param  lun : not used
 105:Middlewares/Third_Party/FatFs/src/drivers/sd_diskio.c ****   * @retval DSTATUS: Operation status
 106:Middlewares/Third_Party/FatFs/src/drivers/sd_diskio.c ****   */
 107:Middlewares/Third_Party/FatFs/src/drivers/sd_diskio.c **** DSTATUS SD_status(BYTE lun)
 108:Middlewares/Third_Party/FatFs/src/drivers/sd_diskio.c **** {
  80              		.loc 1 108 1 is_stmt 1 view -0
  81              		.cfi_startproc
  82              		@ args = 0, pretend = 0, frame = 0
  83              		@ frame_needed = 0, uses_anonymous_args = 0
  84              		.loc 1 108 1 is_stmt 0 view .LVU13
  85 0000 08B5     		push	{r3, lr}
  86              	.LCFI1:
  87              		.cfi_def_cfa_offset 8
  88              		.cfi_offset 3, -8
  89              		.cfi_offset 14, -4
 109:Middlewares/Third_Party/FatFs/src/drivers/sd_diskio.c ****   Stat = STA_NOINIT;
  90              		.loc 1 109 3 is_stmt 1 view .LVU14
  91              		.loc 1 109 8 is_stmt 0 view .LVU15
  92 0002 074B     		ldr	r3, .L9
  93 0004 0122     		movs	r2, #1
  94 0006 1A70     		strb	r2, [r3]
 110:Middlewares/Third_Party/FatFs/src/drivers/sd_diskio.c **** 
 111:Middlewares/Third_Party/FatFs/src/drivers/sd_diskio.c ****   if(BSP_SD_GetCardState() == MSD_OK)
  95              		.loc 1 111 3 is_stmt 1 view .LVU16
  96              		.loc 1 111 6 is_stmt 0 view .LVU17
  97 0008 FFF7FEFF 		bl	BSP_SD_GetCardState
  98              	.LVL3:
  99              		.loc 1 111 5 view .LVU18
 100 000c 20B9     		cbnz	r0, .L7
 112:Middlewares/Third_Party/FatFs/src/drivers/sd_diskio.c ****   {
 113:Middlewares/Third_Party/FatFs/src/drivers/sd_diskio.c ****     Stat &= ~STA_NOINIT;
 101              		.loc 1 113 5 is_stmt 1 view .LVU19
 102              		.loc 1 113 10 is_stmt 0 view .LVU20
 103 000e 044A     		ldr	r2, .L9
 104 0010 1378     		ldrb	r3, [r2]	@ zero_extendqisi2
 105 0012 03F0FE03 		and	r3, r3, #254
 106 0016 1370     		strb	r3, [r2]
 107              	.L7:
 114:Middlewares/Third_Party/FatFs/src/drivers/sd_diskio.c ****   }
 115:Middlewares/Third_Party/FatFs/src/drivers/sd_diskio.c ****   
 116:Middlewares/Third_Party/FatFs/src/drivers/sd_diskio.c ****   return Stat;
 108              		.loc 1 116 3 is_stmt 1 view .LVU21
 109              		.loc 1 116 10 is_stmt 0 view .LVU22
 110 0018 014B     		ldr	r3, .L9
 111 001a 1878     		ldrb	r0, [r3]	@ zero_extendqisi2
 117:Middlewares/Third_Party/FatFs/src/drivers/sd_diskio.c **** }
 112              		.loc 1 117 1 view .LVU23
 113 001c 08BD     		pop	{r3, pc}
 114              	.L10:
ARM GAS  /tmp/ccDsefF3.s 			page 5


 115 001e 00BF     		.align	2
 116              	.L9:
 117 0020 00000000 		.word	.LANCHOR0
 118              		.cfi_endproc
 119              	.LFE73:
 121              		.section	.text.SD_read,"ax",%progbits
 122              		.align	1
 123              		.global	SD_read
 124              		.syntax unified
 125              		.thumb
 126              		.thumb_func
 127              		.fpu softvfp
 129              	SD_read:
 130              	.LVL4:
 131              	.LFB74:
 118:Middlewares/Third_Party/FatFs/src/drivers/sd_diskio.c **** 
 119:Middlewares/Third_Party/FatFs/src/drivers/sd_diskio.c **** /**
 120:Middlewares/Third_Party/FatFs/src/drivers/sd_diskio.c ****   * @brief  Reads Sector(s)
 121:Middlewares/Third_Party/FatFs/src/drivers/sd_diskio.c ****   * @param  lun : not used
 122:Middlewares/Third_Party/FatFs/src/drivers/sd_diskio.c ****   * @param  *buff: Data buffer to store read data
 123:Middlewares/Third_Party/FatFs/src/drivers/sd_diskio.c ****   * @param  sector: Sector address (LBA)
 124:Middlewares/Third_Party/FatFs/src/drivers/sd_diskio.c ****   * @param  count: Number of sectors to read (1..128)
 125:Middlewares/Third_Party/FatFs/src/drivers/sd_diskio.c ****   * @retval DRESULT: Operation result
 126:Middlewares/Third_Party/FatFs/src/drivers/sd_diskio.c ****   */
 127:Middlewares/Third_Party/FatFs/src/drivers/sd_diskio.c **** DRESULT SD_read(BYTE lun, BYTE *buff, DWORD sector, UINT count)
 128:Middlewares/Third_Party/FatFs/src/drivers/sd_diskio.c **** {
 132              		.loc 1 128 1 is_stmt 1 view -0
 133              		.cfi_startproc
 134              		@ args = 0, pretend = 0, frame = 0
 135              		@ frame_needed = 0, uses_anonymous_args = 0
 136              		.loc 1 128 1 is_stmt 0 view .LVU25
 137 0000 10B5     		push	{r4, lr}
 138              	.LCFI2:
 139              		.cfi_def_cfa_offset 8
 140              		.cfi_offset 4, -8
 141              		.cfi_offset 14, -4
 142 0002 0846     		mov	r0, r1
 143              	.LVL5:
 144              		.loc 1 128 1 view .LVU26
 145 0004 1146     		mov	r1, r2
 146              	.LVL6:
 147              		.loc 1 128 1 view .LVU27
 148 0006 1A46     		mov	r2, r3
 149              	.LVL7:
 129:Middlewares/Third_Party/FatFs/src/drivers/sd_diskio.c ****   DRESULT res = RES_ERROR;
 150              		.loc 1 129 3 is_stmt 1 view .LVU28
 130:Middlewares/Third_Party/FatFs/src/drivers/sd_diskio.c ****   uint32_t timeout = 100000;
 151              		.loc 1 130 3 view .LVU29
 131:Middlewares/Third_Party/FatFs/src/drivers/sd_diskio.c **** 
 132:Middlewares/Third_Party/FatFs/src/drivers/sd_diskio.c ****   if(BSP_SD_ReadBlocks((uint32_t*)buff, 
 152              		.loc 1 132 3 view .LVU30
 153              		.loc 1 132 6 is_stmt 0 view .LVU31
 154 0008 094B     		ldr	r3, .L18
 155              	.LVL8:
 156              		.loc 1 132 6 view .LVU32
 157 000a FFF7FEFF 		bl	BSP_SD_ReadBlocks
 158              	.LVL9:
ARM GAS  /tmp/ccDsefF3.s 			page 6


 159              		.loc 1 132 5 view .LVU33
 160 000e 10B1     		cbz	r0, .L15
 129:Middlewares/Third_Party/FatFs/src/drivers/sd_diskio.c ****   uint32_t timeout = 100000;
 161              		.loc 1 129 11 view .LVU34
 162 0010 0123     		movs	r3, #1
 163              	.LVL10:
 164              	.L13:
 133:Middlewares/Third_Party/FatFs/src/drivers/sd_diskio.c ****                        (uint32_t) (sector), 
 134:Middlewares/Third_Party/FatFs/src/drivers/sd_diskio.c ****                        count, SD_DATATIMEOUT) == MSD_OK)
 135:Middlewares/Third_Party/FatFs/src/drivers/sd_diskio.c ****   {
 136:Middlewares/Third_Party/FatFs/src/drivers/sd_diskio.c ****     while(BSP_SD_GetCardState()!= MSD_OK)
 137:Middlewares/Third_Party/FatFs/src/drivers/sd_diskio.c ****     {
 138:Middlewares/Third_Party/FatFs/src/drivers/sd_diskio.c ****       if (timeout-- == 0)
 139:Middlewares/Third_Party/FatFs/src/drivers/sd_diskio.c ****       {
 140:Middlewares/Third_Party/FatFs/src/drivers/sd_diskio.c ****         return RES_ERROR;
 141:Middlewares/Third_Party/FatFs/src/drivers/sd_diskio.c ****       }
 142:Middlewares/Third_Party/FatFs/src/drivers/sd_diskio.c ****     }
 143:Middlewares/Third_Party/FatFs/src/drivers/sd_diskio.c ****     res = RES_OK;
 144:Middlewares/Third_Party/FatFs/src/drivers/sd_diskio.c ****   }
 145:Middlewares/Third_Party/FatFs/src/drivers/sd_diskio.c ****   
 146:Middlewares/Third_Party/FatFs/src/drivers/sd_diskio.c ****   return res;
 147:Middlewares/Third_Party/FatFs/src/drivers/sd_diskio.c **** }
 165              		.loc 1 147 1 view .LVU35
 166 0012 1846     		mov	r0, r3
 167 0014 10BD     		pop	{r4, pc}
 168              	.LVL11:
 169              	.L15:
 130:Middlewares/Third_Party/FatFs/src/drivers/sd_diskio.c **** 
 170              		.loc 1 130 12 view .LVU36
 171 0016 074C     		ldr	r4, .L18+4
 172              	.LVL12:
 173              	.L12:
 136:Middlewares/Third_Party/FatFs/src/drivers/sd_diskio.c ****     {
 174              		.loc 1 136 10 is_stmt 1 view .LVU37
 136:Middlewares/Third_Party/FatFs/src/drivers/sd_diskio.c ****     {
 175              		.loc 1 136 11 is_stmt 0 view .LVU38
 176 0018 FFF7FEFF 		bl	BSP_SD_GetCardState
 177              	.LVL13:
 136:Middlewares/Third_Party/FatFs/src/drivers/sd_diskio.c ****     {
 178              		.loc 1 136 10 view .LVU39
 179 001c 0346     		mov	r3, r0
 180 001e 0028     		cmp	r0, #0
 181 0020 F7D0     		beq	.L13
 138:Middlewares/Third_Party/FatFs/src/drivers/sd_diskio.c ****       {
 182              		.loc 1 138 7 is_stmt 1 view .LVU40
 138:Middlewares/Third_Party/FatFs/src/drivers/sd_diskio.c ****       {
 183              		.loc 1 138 18 is_stmt 0 view .LVU41
 184 0022 631E     		subs	r3, r4, #1
 185              	.LVL14:
 138:Middlewares/Third_Party/FatFs/src/drivers/sd_diskio.c ****       {
 186              		.loc 1 138 10 view .LVU42
 187 0024 0CB1     		cbz	r4, .L16
 138:Middlewares/Third_Party/FatFs/src/drivers/sd_diskio.c ****       {
 188              		.loc 1 138 18 view .LVU43
 189 0026 1C46     		mov	r4, r3
 190 0028 F6E7     		b	.L12
 191              	.L16:
ARM GAS  /tmp/ccDsefF3.s 			page 7


 140:Middlewares/Third_Party/FatFs/src/drivers/sd_diskio.c ****       }
 192              		.loc 1 140 16 view .LVU44
 193 002a 0123     		movs	r3, #1
 194              	.LVL15:
 140:Middlewares/Third_Party/FatFs/src/drivers/sd_diskio.c ****       }
 195              		.loc 1 140 16 view .LVU45
 196 002c F1E7     		b	.L13
 197              	.L19:
 198 002e 00BF     		.align	2
 199              	.L18:
 200 0030 00E1F505 		.word	100000000
 201 0034 A0860100 		.word	100000
 202              		.cfi_endproc
 203              	.LFE74:
 205              		.section	.text.SD_write,"ax",%progbits
 206              		.align	1
 207              		.global	SD_write
 208              		.syntax unified
 209              		.thumb
 210              		.thumb_func
 211              		.fpu softvfp
 213              	SD_write:
 214              	.LVL16:
 215              	.LFB75:
 148:Middlewares/Third_Party/FatFs/src/drivers/sd_diskio.c **** 
 149:Middlewares/Third_Party/FatFs/src/drivers/sd_diskio.c **** /**
 150:Middlewares/Third_Party/FatFs/src/drivers/sd_diskio.c ****   * @brief  Writes Sector(s)
 151:Middlewares/Third_Party/FatFs/src/drivers/sd_diskio.c ****   * @param  lun : not used
 152:Middlewares/Third_Party/FatFs/src/drivers/sd_diskio.c ****   * @param  *buff: Data to be written
 153:Middlewares/Third_Party/FatFs/src/drivers/sd_diskio.c ****   * @param  sector: Sector address (LBA)
 154:Middlewares/Third_Party/FatFs/src/drivers/sd_diskio.c ****   * @param  count: Number of sectors to write (1..128)
 155:Middlewares/Third_Party/FatFs/src/drivers/sd_diskio.c ****   * @retval DRESULT: Operation result
 156:Middlewares/Third_Party/FatFs/src/drivers/sd_diskio.c ****   */
 157:Middlewares/Third_Party/FatFs/src/drivers/sd_diskio.c **** #if _USE_WRITE == 1
 158:Middlewares/Third_Party/FatFs/src/drivers/sd_diskio.c **** DRESULT SD_write(BYTE lun, const BYTE *buff, DWORD sector, UINT count)
 159:Middlewares/Third_Party/FatFs/src/drivers/sd_diskio.c **** {
 216              		.loc 1 159 1 is_stmt 1 view -0
 217              		.cfi_startproc
 218              		@ args = 0, pretend = 0, frame = 0
 219              		@ frame_needed = 0, uses_anonymous_args = 0
 220              		.loc 1 159 1 is_stmt 0 view .LVU47
 221 0000 10B5     		push	{r4, lr}
 222              	.LCFI3:
 223              		.cfi_def_cfa_offset 8
 224              		.cfi_offset 4, -8
 225              		.cfi_offset 14, -4
 226 0002 0846     		mov	r0, r1
 227              	.LVL17:
 228              		.loc 1 159 1 view .LVU48
 229 0004 1146     		mov	r1, r2
 230              	.LVL18:
 231              		.loc 1 159 1 view .LVU49
 232 0006 1A46     		mov	r2, r3
 233              	.LVL19:
 160:Middlewares/Third_Party/FatFs/src/drivers/sd_diskio.c ****   DRESULT res = RES_ERROR;
 234              		.loc 1 160 3 is_stmt 1 view .LVU50
 161:Middlewares/Third_Party/FatFs/src/drivers/sd_diskio.c ****   uint32_t timeout = 100000;
ARM GAS  /tmp/ccDsefF3.s 			page 8


 235              		.loc 1 161 3 view .LVU51
 162:Middlewares/Third_Party/FatFs/src/drivers/sd_diskio.c **** 
 163:Middlewares/Third_Party/FatFs/src/drivers/sd_diskio.c ****   if(BSP_SD_WriteBlocks((uint32_t*)buff, 
 236              		.loc 1 163 3 view .LVU52
 237              		.loc 1 163 6 is_stmt 0 view .LVU53
 238 0008 094B     		ldr	r3, .L27
 239              	.LVL20:
 240              		.loc 1 163 6 view .LVU54
 241 000a FFF7FEFF 		bl	BSP_SD_WriteBlocks
 242              	.LVL21:
 243              		.loc 1 163 5 view .LVU55
 244 000e 10B1     		cbz	r0, .L24
 160:Middlewares/Third_Party/FatFs/src/drivers/sd_diskio.c ****   uint32_t timeout = 100000;
 245              		.loc 1 160 11 view .LVU56
 246 0010 0123     		movs	r3, #1
 247              	.LVL22:
 248              	.L22:
 164:Middlewares/Third_Party/FatFs/src/drivers/sd_diskio.c ****                         (uint32_t)(sector), 
 165:Middlewares/Third_Party/FatFs/src/drivers/sd_diskio.c ****                         count, SD_DATATIMEOUT) == MSD_OK)
 166:Middlewares/Third_Party/FatFs/src/drivers/sd_diskio.c ****   {
 167:Middlewares/Third_Party/FatFs/src/drivers/sd_diskio.c ****     while(BSP_SD_GetCardState()!= MSD_OK)
 168:Middlewares/Third_Party/FatFs/src/drivers/sd_diskio.c ****     {
 169:Middlewares/Third_Party/FatFs/src/drivers/sd_diskio.c ****       if (timeout-- == 0)
 170:Middlewares/Third_Party/FatFs/src/drivers/sd_diskio.c ****       {
 171:Middlewares/Third_Party/FatFs/src/drivers/sd_diskio.c ****         return RES_ERROR;
 172:Middlewares/Third_Party/FatFs/src/drivers/sd_diskio.c ****       }
 173:Middlewares/Third_Party/FatFs/src/drivers/sd_diskio.c ****     }    
 174:Middlewares/Third_Party/FatFs/src/drivers/sd_diskio.c ****     res = RES_OK;
 175:Middlewares/Third_Party/FatFs/src/drivers/sd_diskio.c ****   }
 176:Middlewares/Third_Party/FatFs/src/drivers/sd_diskio.c ****   
 177:Middlewares/Third_Party/FatFs/src/drivers/sd_diskio.c ****   return res;
 178:Middlewares/Third_Party/FatFs/src/drivers/sd_diskio.c **** }
 249              		.loc 1 178 1 view .LVU57
 250 0012 1846     		mov	r0, r3
 251 0014 10BD     		pop	{r4, pc}
 252              	.LVL23:
 253              	.L24:
 161:Middlewares/Third_Party/FatFs/src/drivers/sd_diskio.c **** 
 254              		.loc 1 161 12 view .LVU58
 255 0016 074C     		ldr	r4, .L27+4
 256              	.LVL24:
 257              	.L21:
 167:Middlewares/Third_Party/FatFs/src/drivers/sd_diskio.c ****     {
 258              		.loc 1 167 10 is_stmt 1 view .LVU59
 167:Middlewares/Third_Party/FatFs/src/drivers/sd_diskio.c ****     {
 259              		.loc 1 167 11 is_stmt 0 view .LVU60
 260 0018 FFF7FEFF 		bl	BSP_SD_GetCardState
 261              	.LVL25:
 167:Middlewares/Third_Party/FatFs/src/drivers/sd_diskio.c ****     {
 262              		.loc 1 167 10 view .LVU61
 263 001c 0346     		mov	r3, r0
 264 001e 0028     		cmp	r0, #0
 265 0020 F7D0     		beq	.L22
 169:Middlewares/Third_Party/FatFs/src/drivers/sd_diskio.c ****       {
 266              		.loc 1 169 7 is_stmt 1 view .LVU62
 169:Middlewares/Third_Party/FatFs/src/drivers/sd_diskio.c ****       {
 267              		.loc 1 169 18 is_stmt 0 view .LVU63
ARM GAS  /tmp/ccDsefF3.s 			page 9


 268 0022 631E     		subs	r3, r4, #1
 269              	.LVL26:
 169:Middlewares/Third_Party/FatFs/src/drivers/sd_diskio.c ****       {
 270              		.loc 1 169 10 view .LVU64
 271 0024 0CB1     		cbz	r4, .L25
 169:Middlewares/Third_Party/FatFs/src/drivers/sd_diskio.c ****       {
 272              		.loc 1 169 18 view .LVU65
 273 0026 1C46     		mov	r4, r3
 274 0028 F6E7     		b	.L21
 275              	.L25:
 171:Middlewares/Third_Party/FatFs/src/drivers/sd_diskio.c ****       }
 276              		.loc 1 171 16 view .LVU66
 277 002a 0123     		movs	r3, #1
 278              	.LVL27:
 171:Middlewares/Third_Party/FatFs/src/drivers/sd_diskio.c ****       }
 279              		.loc 1 171 16 view .LVU67
 280 002c F1E7     		b	.L22
 281              	.L28:
 282 002e 00BF     		.align	2
 283              	.L27:
 284 0030 00E1F505 		.word	100000000
 285 0034 A0860100 		.word	100000
 286              		.cfi_endproc
 287              	.LFE75:
 289              		.section	.text.SD_ioctl,"ax",%progbits
 290              		.align	1
 291              		.global	SD_ioctl
 292              		.syntax unified
 293              		.thumb
 294              		.thumb_func
 295              		.fpu softvfp
 297              	SD_ioctl:
 298              	.LVL28:
 299              	.LFB76:
 179:Middlewares/Third_Party/FatFs/src/drivers/sd_diskio.c **** #endif /* _USE_WRITE == 1 */
 180:Middlewares/Third_Party/FatFs/src/drivers/sd_diskio.c **** 
 181:Middlewares/Third_Party/FatFs/src/drivers/sd_diskio.c **** /**
 182:Middlewares/Third_Party/FatFs/src/drivers/sd_diskio.c ****   * @brief  I/O control operation
 183:Middlewares/Third_Party/FatFs/src/drivers/sd_diskio.c ****   * @param  lun : not used
 184:Middlewares/Third_Party/FatFs/src/drivers/sd_diskio.c ****   * @param  cmd: Control code
 185:Middlewares/Third_Party/FatFs/src/drivers/sd_diskio.c ****   * @param  *buff: Buffer to send/receive control data
 186:Middlewares/Third_Party/FatFs/src/drivers/sd_diskio.c ****   * @retval DRESULT: Operation result
 187:Middlewares/Third_Party/FatFs/src/drivers/sd_diskio.c ****   */
 188:Middlewares/Third_Party/FatFs/src/drivers/sd_diskio.c **** #if _USE_IOCTL == 1
 189:Middlewares/Third_Party/FatFs/src/drivers/sd_diskio.c **** DRESULT SD_ioctl(BYTE lun, BYTE cmd, void *buff)
 190:Middlewares/Third_Party/FatFs/src/drivers/sd_diskio.c **** {
 300              		.loc 1 190 1 is_stmt 1 view -0
 301              		.cfi_startproc
 302              		@ args = 0, pretend = 0, frame = 32
 303              		@ frame_needed = 0, uses_anonymous_args = 0
 304              		.loc 1 190 1 is_stmt 0 view .LVU69
 305 0000 30B5     		push	{r4, r5, lr}
 306              	.LCFI4:
 307              		.cfi_def_cfa_offset 12
 308              		.cfi_offset 4, -12
 309              		.cfi_offset 5, -8
 310              		.cfi_offset 14, -4
ARM GAS  /tmp/ccDsefF3.s 			page 10


 311 0002 89B0     		sub	sp, sp, #36
 312              	.LCFI5:
 313              		.cfi_def_cfa_offset 48
 191:Middlewares/Third_Party/FatFs/src/drivers/sd_diskio.c ****   DRESULT res = RES_ERROR;
 314              		.loc 1 191 3 is_stmt 1 view .LVU70
 315              	.LVL29:
 192:Middlewares/Third_Party/FatFs/src/drivers/sd_diskio.c ****   BSP_SD_CardInfo CardInfo;
 316              		.loc 1 192 3 view .LVU71
 193:Middlewares/Third_Party/FatFs/src/drivers/sd_diskio.c ****   
 194:Middlewares/Third_Party/FatFs/src/drivers/sd_diskio.c ****   if (Stat & STA_NOINIT) return RES_NOTRDY;
 317              		.loc 1 194 3 view .LVU72
 318              		.loc 1 194 12 is_stmt 0 view .LVU73
 319 0004 124B     		ldr	r3, .L39
 320 0006 1878     		ldrb	r0, [r3]	@ zero_extendqisi2
 321              	.LVL30:
 322              		.loc 1 194 6 view .LVU74
 323 0008 10F00104 		ands	r4, r0, #1
 324 000c 1AD1     		bne	.L36
 325 000e 1546     		mov	r5, r2
 195:Middlewares/Third_Party/FatFs/src/drivers/sd_diskio.c ****   
 196:Middlewares/Third_Party/FatFs/src/drivers/sd_diskio.c ****   switch (cmd)
 326              		.loc 1 196 3 is_stmt 1 view .LVU75
 327 0010 0329     		cmp	r1, #3
 328 0012 1BD8     		bhi	.L37
 329 0014 DFE801F0 		tbb	[pc, r1]
 330              	.L32:
 331 0018 02       		.byte	(.L35-.L32)/2
 332 0019 04       		.byte	(.L34-.L32)/2
 333 001a 0A       		.byte	(.L33-.L32)/2
 334 001b 10       		.byte	(.L31-.L32)/2
 335              		.p2align 1
 336              	.L35:
 194:Middlewares/Third_Party/FatFs/src/drivers/sd_diskio.c ****   
 337              		.loc 1 194 6 is_stmt 0 view .LVU76
 338 001c 0C46     		mov	r4, r1
 339 001e 12E0     		b	.L30
 340              	.L34:
 197:Middlewares/Third_Party/FatFs/src/drivers/sd_diskio.c ****   {
 198:Middlewares/Third_Party/FatFs/src/drivers/sd_diskio.c ****   /* Make sure that no pending write process */
 199:Middlewares/Third_Party/FatFs/src/drivers/sd_diskio.c ****   case CTRL_SYNC :
 200:Middlewares/Third_Party/FatFs/src/drivers/sd_diskio.c ****     res = RES_OK;
 201:Middlewares/Third_Party/FatFs/src/drivers/sd_diskio.c ****     break;
 202:Middlewares/Third_Party/FatFs/src/drivers/sd_diskio.c ****   
 203:Middlewares/Third_Party/FatFs/src/drivers/sd_diskio.c ****   /* Get number of sectors on the disk (DWORD) */
 204:Middlewares/Third_Party/FatFs/src/drivers/sd_diskio.c ****   case GET_SECTOR_COUNT :
 205:Middlewares/Third_Party/FatFs/src/drivers/sd_diskio.c ****     BSP_SD_GetCardInfo(&CardInfo);
 341              		.loc 1 205 5 is_stmt 1 view .LVU77
 342 0020 6846     		mov	r0, sp
 343 0022 FFF7FEFF 		bl	BSP_SD_GetCardInfo
 344              	.LVL31:
 206:Middlewares/Third_Party/FatFs/src/drivers/sd_diskio.c ****     *(DWORD*)buff = CardInfo.LogBlockNbr;
 345              		.loc 1 206 5 view .LVU78
 346              		.loc 1 206 29 is_stmt 0 view .LVU79
 347 0026 069B     		ldr	r3, [sp, #24]
 348              		.loc 1 206 19 view .LVU80
 349 0028 2B60     		str	r3, [r5]
 207:Middlewares/Third_Party/FatFs/src/drivers/sd_diskio.c ****     res = RES_OK;
ARM GAS  /tmp/ccDsefF3.s 			page 11


 350              		.loc 1 207 5 is_stmt 1 view .LVU81
 351              	.LVL32:
 208:Middlewares/Third_Party/FatFs/src/drivers/sd_diskio.c ****     break;
 352              		.loc 1 208 5 view .LVU82
 353 002a 0CE0     		b	.L30
 354              	.LVL33:
 355              	.L33:
 209:Middlewares/Third_Party/FatFs/src/drivers/sd_diskio.c ****   
 210:Middlewares/Third_Party/FatFs/src/drivers/sd_diskio.c ****   /* Get R/W sector size (WORD) */
 211:Middlewares/Third_Party/FatFs/src/drivers/sd_diskio.c ****   case GET_SECTOR_SIZE :
 212:Middlewares/Third_Party/FatFs/src/drivers/sd_diskio.c ****     BSP_SD_GetCardInfo(&CardInfo);
 356              		.loc 1 212 5 view .LVU83
 357 002c 6846     		mov	r0, sp
 358 002e FFF7FEFF 		bl	BSP_SD_GetCardInfo
 359              	.LVL34:
 213:Middlewares/Third_Party/FatFs/src/drivers/sd_diskio.c ****     *(WORD*)buff = CardInfo.LogBlockSize;
 360              		.loc 1 213 5 view .LVU84
 361              		.loc 1 213 28 is_stmt 0 view .LVU85
 362 0032 079B     		ldr	r3, [sp, #28]
 363              		.loc 1 213 18 view .LVU86
 364 0034 2B80     		strh	r3, [r5]	@ movhi
 214:Middlewares/Third_Party/FatFs/src/drivers/sd_diskio.c ****     res = RES_OK;
 365              		.loc 1 214 5 is_stmt 1 view .LVU87
 366              	.LVL35:
 215:Middlewares/Third_Party/FatFs/src/drivers/sd_diskio.c ****     break;
 367              		.loc 1 215 5 view .LVU88
 368 0036 06E0     		b	.L30
 369              	.LVL36:
 370              	.L31:
 216:Middlewares/Third_Party/FatFs/src/drivers/sd_diskio.c ****   
 217:Middlewares/Third_Party/FatFs/src/drivers/sd_diskio.c ****   /* Get erase block size in unit of sector (DWORD) */
 218:Middlewares/Third_Party/FatFs/src/drivers/sd_diskio.c ****   case GET_BLOCK_SIZE :
 219:Middlewares/Third_Party/FatFs/src/drivers/sd_diskio.c ****     BSP_SD_GetCardInfo(&CardInfo);
 371              		.loc 1 219 5 view .LVU89
 372 0038 6846     		mov	r0, sp
 373 003a FFF7FEFF 		bl	BSP_SD_GetCardInfo
 374              	.LVL37:
 220:Middlewares/Third_Party/FatFs/src/drivers/sd_diskio.c ****     *(DWORD*)buff = CardInfo.LogBlockSize;
 375              		.loc 1 220 5 view .LVU90
 376              		.loc 1 220 29 is_stmt 0 view .LVU91
 377 003e 079B     		ldr	r3, [sp, #28]
 378              		.loc 1 220 19 view .LVU92
 379 0040 2B60     		str	r3, [r5]
 221:Middlewares/Third_Party/FatFs/src/drivers/sd_diskio.c ****     res = RES_OK;
 380              		.loc 1 221 5 is_stmt 1 view .LVU93
 381              	.LVL38:
 222:Middlewares/Third_Party/FatFs/src/drivers/sd_diskio.c ****     break;
 382              		.loc 1 222 5 view .LVU94
 383 0042 00E0     		b	.L30
 384              	.LVL39:
 385              	.L36:
 194:Middlewares/Third_Party/FatFs/src/drivers/sd_diskio.c ****   
 386              		.loc 1 194 33 is_stmt 0 view .LVU95
 387 0044 0324     		movs	r4, #3
 388              	.LVL40:
 389              	.L30:
 223:Middlewares/Third_Party/FatFs/src/drivers/sd_diskio.c ****   
ARM GAS  /tmp/ccDsefF3.s 			page 12


 224:Middlewares/Third_Party/FatFs/src/drivers/sd_diskio.c ****   default:
 225:Middlewares/Third_Party/FatFs/src/drivers/sd_diskio.c ****     res = RES_PARERR;
 226:Middlewares/Third_Party/FatFs/src/drivers/sd_diskio.c ****   }
 227:Middlewares/Third_Party/FatFs/src/drivers/sd_diskio.c ****   
 228:Middlewares/Third_Party/FatFs/src/drivers/sd_diskio.c ****   return res;
 229:Middlewares/Third_Party/FatFs/src/drivers/sd_diskio.c **** }
 390              		.loc 1 229 1 view .LVU96
 391 0046 2046     		mov	r0, r4
 392 0048 09B0     		add	sp, sp, #36
 393              	.LCFI6:
 394              		.cfi_remember_state
 395              		.cfi_def_cfa_offset 12
 396              		@ sp needed
 397 004a 30BD     		pop	{r4, r5, pc}
 398              	.LVL41:
 399              	.L37:
 400              	.LCFI7:
 401              		.cfi_restore_state
 225:Middlewares/Third_Party/FatFs/src/drivers/sd_diskio.c ****   }
 402              		.loc 1 225 9 view .LVU97
 403 004c 0424     		movs	r4, #4
 404 004e FAE7     		b	.L30
 405              	.L40:
 406              		.align	2
 407              	.L39:
 408 0050 00000000 		.word	.LANCHOR0
 409              		.cfi_endproc
 410              	.LFE76:
 412              		.global	SD_Driver
 413              		.section	.data.Stat,"aw"
 414              		.set	.LANCHOR0,. + 0
 417              	Stat:
 418 0000 01       		.byte	1
 419              		.section	.rodata.SD_Driver,"a"
 420              		.align	2
 423              	SD_Driver:
 424 0000 00000000 		.word	SD_initialize
 425 0004 00000000 		.word	SD_status
 426 0008 00000000 		.word	SD_read
 427 000c 00000000 		.word	SD_write
 428 0010 00000000 		.word	SD_ioctl
 429              		.text
 430              	.Letext0:
 431              		.file 2 "/home/onur/STM32Toolchain/gcc-arm/arm-none-eabi/include/machine/_default_types.h"
 432              		.file 3 "Middlewares/Third_Party/FatFs/src/integer.h"
 433              		.file 4 "Middlewares/Third_Party/FatFs/src/diskio.h"
 434              		.file 5 "/home/onur/STM32Toolchain/gcc-arm/arm-none-eabi/include/sys/_stdint.h"
 435              		.file 6 "Drivers/STM32F2xx_HAL_Driver/Inc/stm32f2xx_hal_sd.h"
 436              		.file 7 "Middlewares/Third_Party/FatFs/src/ff_gen_drv.h"
 437              		.file 8 "Inc/bsp_driver_sd.h"
ARM GAS  /tmp/ccDsefF3.s 			page 13


DEFINED SYMBOLS
                            *ABS*:0000000000000000 sd_diskio.c
     /tmp/ccDsefF3.s:16     .text.SD_initialize:0000000000000000 $t
     /tmp/ccDsefF3.s:24     .text.SD_initialize:0000000000000000 SD_initialize
     /tmp/ccDsefF3.s:65     .text.SD_initialize:0000000000000020 $d
     /tmp/ccDsefF3.s:70     .text.SD_status:0000000000000000 $t
     /tmp/ccDsefF3.s:77     .text.SD_status:0000000000000000 SD_status
     /tmp/ccDsefF3.s:117    .text.SD_status:0000000000000020 $d
     /tmp/ccDsefF3.s:122    .text.SD_read:0000000000000000 $t
     /tmp/ccDsefF3.s:129    .text.SD_read:0000000000000000 SD_read
     /tmp/ccDsefF3.s:200    .text.SD_read:0000000000000030 $d
     /tmp/ccDsefF3.s:206    .text.SD_write:0000000000000000 $t
     /tmp/ccDsefF3.s:213    .text.SD_write:0000000000000000 SD_write
     /tmp/ccDsefF3.s:284    .text.SD_write:0000000000000030 $d
     /tmp/ccDsefF3.s:290    .text.SD_ioctl:0000000000000000 $t
     /tmp/ccDsefF3.s:297    .text.SD_ioctl:0000000000000000 SD_ioctl
     /tmp/ccDsefF3.s:331    .text.SD_ioctl:0000000000000018 $d
     /tmp/ccDsefF3.s:335    .text.SD_ioctl:000000000000001c $t
     /tmp/ccDsefF3.s:408    .text.SD_ioctl:0000000000000050 $d
     /tmp/ccDsefF3.s:423    .rodata.SD_Driver:0000000000000000 SD_Driver
     /tmp/ccDsefF3.s:417    .data.Stat:0000000000000000 Stat
     /tmp/ccDsefF3.s:420    .rodata.SD_Driver:0000000000000000 $d

UNDEFINED SYMBOLS
BSP_SD_Init
BSP_SD_GetCardState
BSP_SD_ReadBlocks
BSP_SD_WriteBlocks
BSP_SD_GetCardInfo
